INFO:ex:100000000000
INFO:ex:100000000000
INFO:ex:100000000000
INFO:ex:100000000000
INFO:ex:100000000000
INFO:ex:100000000000
INFO:ex:100000000000
INFO:ex:100000000000
INFO:ex:100000000000
INFO:ex:100000000000
INFO:ex:100000000000
INFO:ex:100000000000
INFO:ex:100000000000
INFO:ex:100000000000
INFO:ex:100000000000
INFO:ex:100000000000
INFO:ex:100000000000
INFO:ex:100000000000
INFO:ex:100000000000
INFO:ex:100000000000
INFO:ex:100000000000
INFO:ex:100000000000
INFO:ex:100000000000
INFO:ex:100000000000
INFO:ex:100000000000
INFO:ex:100000000000
INFO:ex:100000000000
INFO:ex:100000000000
INFO:ex:100000000000
INFO:ex:100000000000
INFO:ex:100000000000
INFO:ex:100000000000
INFO:ex:100000000000
INFO:ex:100000000000
INFO:ex:100000000000
INFO:ex:100000000000
INFO:ex:100000000000
INFO:ex:100000000000
INFO:ex:100000000000
INFO:ex:100000000000
INFO:ex:100000000000
INFO:ex:100000000000
INFO:ex:100000000000
INFO:ex:100000000000
INFO:ex:100000000000
INFO:ex:100000000000
INFO:ex:100000000000
INFO:ex:100000000000
INFO:ex:100000000000
INFO:ex:100000000000
INFO:ex:100000000000
INFO:ex:100000000000
INFO:ex:100000000000
INFO:ex:100000000000
INFO:ex:100000000000
INFO:ex:100000000000
INFO:ex:100000000000
INFO:ex:100000000000
INFO:ex:100000000000
INFO:ex:100000000000
INFO:ex:100000000000
INFO:ex:100000000000
INFO:ex:100000000000
INFO:ex:100000000000
INFO:ex:100000000000
INFO:ex:100000000000
INFO:ex:100000000000
INFO:ex:100000000000
INFO:ex:100000000000
INFO:ex:100000000000
INFO:ex:100000000000
INFO:ex:100000000000
INFO:ex:100000000000
INFO:ex:100000000000
INFO:ex:2924 57554994
INFO:ex:3920 3056929
INFO:ex:1363 9720 378555 387037770
INFO:ex:1860 9324 378948 2153108 867836204
INFO:ex:2430 10290 381444 1086550 3009232 867836204
INFO:ex:2015 10290 382701 2891936 100189531 867836204
INFO:ex:2418 10506 403851 3088852 101065227 870080710
INFO:ex:2418 10283 403851 3094688 100255425 870080710
INFO:ex:2170 10288 403851 3094688 100255425 870080710
INFO:ex:2449 10506 403851 3094688 100502331 998584736
INFO:ex:2449 10339 483939 3094688 100047233 998584736
INFO:ex:3286 10377 483939 3094688 100047233 998584736
INFO:ex:2480 10175 483939 3269880 100047233 998584736
INFO:ex:2697 10175 483939 3269880 100047233 998584736
INFO:ex:2697 10175 483939 3269880 100047233 998584736
INFO:ex:2697 10175 483939 3269880 100047233 998584736
INFO:ex:2697 10175 483939 3269880 100047233 998584736
INFO:ex:2697 10175 483939 3269880 100047233 998584736
INFO:ex:2697 10175 483939 3269880 100047233 998584736
INFO:ex:2697 10175 483939 3269880 100047233 998584736
INFO:ex:2697 10175 483939 3269880 100047233 998584736
INFO:ex:2697 10175 483939 3269880 100047233 998584736
INFO:ex:2697 10175 483939 3269880 100047233 998584736
INFO:ex:2697 10175 483939 3269880 100047233 998584736
INFO:ex:2697 10175 483939 3269880 100047233 998584736
INFO:ex:2697 10175 483939 3269880 100047233 998584736
INFO:ex:2697 10175 483939 3269880 100047233 998584736
INFO:ex:2697 10175 483939 3269880 100047233 998584736
INFO:ex:2697 10175 483939 3269880 100047233 998584736
INFO:ex:2697 10175 483939 3269880 100047233 998584736
INFO:ex:2697 10175 483939 3269880 100047233 998584736
INFO:ex:2697 10175 483939 3269880 100047233 998584736
INFO:ex:2697 10175 483939 3269880 100047233 998584736
INFO:ex:2697 10175 483939 3269880 100047233 998584736
INFO:ex:2697 10175 483939 3269880 100047233 998584736
INFO:ex:2697 10175 483939 3269880 100047233 998584736
INFO:ex:2697 10175 483939 3269880 100047233 998584736
INFO:ex:2697 10175 483939 3269880 100047233 998584736
INFO:ex:2697 10175 483939 3269880 100047233 998584736
INFO:ex:2697 10175 483939 3269880 100047233 998584736
INFO:ex:2697 10175 483939 3269880 100047233 998584736
INFO:ex:2697 10175 483939 3269880 100047233 998584736
INFO:ex:2697 10175 483939 3269880 100047233 998584736
INFO:ex:2697 10175 483939 3269880 100047233 998584736
INFO:ex:2697 10175 483939 3269880 100047233 998584736
INFO:ex:2697 10175 483939 3269880 100047233 998584736
INFO:ex:2697 10175 483939 3269880 100047233 998584736
INFO:ex:2697 10175 483939 3269880 100047233 998584736
INFO:ex:2697 10175 483939 3269880 100047233 998584736
INFO:ex:2697 10175 483939 3269880 100047233 998584736
INFO:ex:2697 10175 483939 3269880 100047233 998584736
INFO:ex:2697 10175 483939 3269880 100047233 998584736
INFO:ex:2697 10175 483939 3269880 100047233 998584736
INFO:ex:2697 10175 483939 3269880 100047233 998584736
INFO:ex:2697 10175 483939 3269880 100047233 998584736
INFO:ex:2697 10175 483939 3269880 100047233 998584736
INFO:ex:2697 10175 483939 3269880 100047233 998584736
INFO:ex:2697 10175 483939 3269880 100047233 998584736
INFO:ex:2697 10175 483939 3269880 100047233 998584736
INFO:ex:2697 10175 483939 3269880 100047233 998584736
INFO:ex:2697 10175 483939 3269880 100047233 998584736
INFO:ex:2697 10175 483939 3269880 100047233 998584736
INFO:ex:2697 10175 483939 3269880 100047233 998584736
INFO:ex:2697 10175 483939 3269880 100047233 998584736
INFO:ex:2697 10175 483939 3269880 100047233 998584736
INFO:ex:2697 10175 483939 3269880 100047233 998584736
INFO:ex:2697 10175 483939 3269880 100047233 998584736
INFO:ex:2697 10175 483939 3269880 100047233 998584736
INFO:ex:2697 10175 483939 3269880 100047233 998584736
INFO:ex:2697 10175 483939 3269880 100047233 998584736
INFO:ex:2697 10175 483939 3269880 100047233 998584736
INFO:ex:2697 10175 483939 3269880 100047233 998584736
INFO:ex:2697 10175 483939 3269880 100047233 998584736
INFO:ex:2697 10175 483939 3269880 100047233 998584736
INFO:ex:2697 10175 483939 3269880 100047233 998584736
INFO:ex:2697 10175 483939 3269880 100047233 998584736
INFO:ex:2697 10175 483939 3269880 100047233 998584736
INFO:ex:2697 10175 483939 3269880 100047233 998584736
INFO:ex:2697 10175 483939 3269880 100047233 998584736
INFO:ex:2697 10175 483939 3269880 100047233 998584736
INFO:ex:2697 10175 483939 3269880 100047233 998584736
INFO:ex:2697 10175 483939 3269880 100047233 998584736
INFO:ex:2697 10175 483939 3269880 100047233 998584736
INFO:ex:2697 10175 483939 3269880 100047233 998584736
INFO:ex:2697 10175 483939 3269880 100047233 998584736
INFO:ex:2697 10175 483939 3269880 100047233 998584736
INFO:ex:2697 10175 483939 3269880 100047233 998584736
INFO:ex:2697 10175 483939 3269880 100047233 998584736
INFO:ex:2697 10175 483939 3269880 100047233 998584736
INFO:ex:2697 10175 483939 3269880 100047233 998584736
INFO:ex:2697 10175 483939 3269880 100047233 998584736
INFO:ex:2697 10175 483939 3269880 100047233 998584736
INFO:ex:2697 10175 483939 3269880 100047233 998584736
INFO:ex:2697 10175 483939 3269880 100047233 998584736
INFO:ex:2697 10175 483939 3269880 100047233 998584736
INFO:ex:2697 10175 483939 3269880 100047233 998584736
INFO:ex:2697 10175 483939 3269880 100047233 998584736
INFO:ex:2697 10175 483939 3269880 100047233 998584736
INFO:ex:2697 10175 483939 3269880 100047233 998584736
INFO:ex:2697 10175 483939 3269880 100047233 998584736
INFO:ex:2697 10175 483939 3269880 100047233 998584736
INFO:ex:2697 10175 483939 3269880 100047233 998584736
INFO:ex:2697 10175 483939 3269880 100047233 998584736
INFO:ex:2697 10175 483939 3269880 100047233 998584736
INFO:ex:2697 10175 483939 3269880 100047233 998584736
INFO:ex:2697 10175 483939 3269880 100047233 998584736
INFO:ex:2697 10175 483939 3269880 100047233 998584736
INFO:ex:2697 10175 483939 3269880 100047233 998584736
INFO:ex:2697 10175 483939 3269880 100047233 998584736
INFO:ex:2697 10175 483939 3269880 100047233 998584736
INFO:ex:2697 10175 483939 3269880 100047233 998584736
INFO:ex:2697 10175 483939 3269880 100047233 998584736
INFO:ex:2697 10175 483939 3269880 100047233 998584736
INFO:ex:2697 10175 483939 3269880 100047233 998584736
INFO:ex:2697 10175 483939 3269880 100047233 998584736
INFO:ex:2697 10175 483939 3269880 100047233 998584736
INFO:ex:2697 10175 483939 3269880 100047233 998584736
INFO:ex:2697 10175 483939 3269880 100047233 998584736
INFO:ex:2697 10175 483939 3269880 100047233 998584736
INFO:ex:2697 10175 483939 3269880 100047233 998584736
INFO:ex:2697 10175 483939 3269880 100047233 998584736
INFO:ex:2697 10175 483939 3269880 100047233 998584736
INFO:ex:2697 10175 483939 3269880 100047233 998584736
INFO:ex:2697 10175 483939 3269880 100047233 998584736
INFO:ex:2697 10175 483939 3269880 100047233 998584736
INFO:ex:2697 10175 483939 3269880 100047233 998584736
INFO:ex:2697 10175 483939 3269880 100047233 998584736
INFO:ex:2697 10175 483939 3269880 100047233 998584736
INFO:ex:2697 10175 483939 3269880 100047233 998584736
INFO:ex:2697 10175 483939 3269880 100047233 998584736
INFO:ex:2697 10175 483939 3269880 100047233 998584736
INFO:ex:2697 10175 483939 3269880 100047233 998584736
INFO:ex:2697 10175 483939 3269880 100047233 998584736
INFO:ex:2697 10175 483939 3269880 100047233 998584736
INFO:ex:2697 10175 483939 3269880 100047233 998584736
INFO:ex:2697 10175 483939 3269880 100047233 998584736
INFO:ex:2697 10175 483939 3269880 100047233 998584736
INFO:ex:2697 10175 483939 3269880 100047233 998584736
INFO:ex:2697 10175 483939 3269880 100047233 998584736
INFO:ex:2697 10175 483939 3269880 100047233 998584736
INFO:ex:2697 10175 483939 3269880 100047233 998584736
INFO:ex:2697 10175 483939 3269880 100047233 998584736
INFO:ex:2697 10175 483939 3269880 100047233 998584736
INFO:ex:2697 10175 483939 3269880 100047233 998584736
INFO:ex:2697 10175 483939 3269880 100047233 998584736
INFO:ex:2697 10175 483939 3269880 100047233 998584736
INFO:ex:2697 10175 483939 3269880 100047233 998584736
INFO:ex:2697 10175 483939 3269880 100047233 998584736
INFO:ex:2697 10175 483939 3269880 100047233 998584736
INFO:ex:2697 10175 483939 3269880 100047233 998584736
INFO:ex:2697 10175 483939 3269880 100047233 998584736
INFO:ex:2697 10175 483939 3269880 100047233 998584736
INFO:ex:2697 10175 483939 3269880 100047233 998584736
INFO:ex:2697 10175 483939 3269880 100047233 998584736
INFO:ex:2697 10175 483939 3269880 100047233 998584736
INFO:ex:2697 10175 483939 3269880 100047233 998584736
INFO:ex:2697 10175 483939 3269880 100047233 998584736
INFO:ex:2697 10175 483939 3269880 100047233 998584736
INFO:ex:2697 10175 483939 3269880 100047233 998584736
INFO:ex:2697 10175 483939 3269880 100047233 998584736
INFO:ex:2697 10175 483939 3269880 100047233 998584736
INFO:ex:2697 10175 483939 3269880 100047233 998584736
INFO:ex:2697 10175 483939 3269880 100047233 998584736
INFO:ex:2697 10175 483939 3269880 100047233 998584736
INFO:ex:2697 10175 483939 3269880 100047233 998584736
INFO:ex:2697 10175 483939 3269880 100047233 998584736
INFO:ex:2697 10175 483939 3269880 100047233 998584736
INFO:ex:2697 10175 483939 3269880 100047233 998584736
INFO:ex:2697 10175 483939 3269880 100047233 998584736
INFO:ex:2697 10175 483939 3269880 100047233 998584736
INFO:ex:2697 10175 483939 3269880 100047233 998584736
INFO:ex:2697 10175 483939 3269880 100047233 998584736
INFO:ex:2697 10175 483939 3269880 100047233 998584736
INFO:ex:2697 10175 483939 3269880 100047233 998584736
INFO:ex:2697 10175 483939 3269880 100047233 998584736
INFO:ex:2697 10175 483939 3269880 100047233 998584736
INFO:ex:2697 10175 483939 3269880 100047233 998584736
INFO:ex:2697 10175 483939 3269880 100047233 998584736
INFO:ex:2697 10175 483939 3269880 100047233 998584736
INFO:ex:2697 10175 483939 3269880 100047233 998584736
INFO:ex:2697 10175 483939 3269880 100047233 998584736
INFO:ex:2697 10175 483939 3269880 100047233 998584736
INFO:ex:2697 10175 483939 3269880 100047233 998584736
INFO:ex:2697 10175 483939 3269880 100047233 998584736
INFO:ex:2697 10175 483939 3269880 100047233 998584736
INFO:ex:2697 10175 483939 3269880 100047233 998584736
INFO:ex:2697 10175 483939 3269880 100047233 998584736
INFO:ex:2697 10175 483939 3269880 100047233 998584736
INFO:ex:2697 10175 483939 3269880 100047233 998584736
INFO:ex:2697 10175 483939 3269880 100047233 998584736
INFO:ex:2697 10175 483939 3269880 100047233 998584736
INFO:ex:2697 10175 483939 3269880 100047233 998584736
INFO:ex:2697 10175 483939 3269880 100047233 998584736
INFO:ex:2697 10175 483939 3269880 100047233 998584736
INFO:ex:2697 10175 483939 3269880 100047233 998584736
INFO:ex:2697 10175 483939 3269880 100047233 998584736
INFO:ex:2697 10175 483939 3269880 100047233 998584736
INFO:ex:2697 10175 483939 3269880 100047233 998584736
INFO:ex:2697 10175 483939 3269880 100047233 998584736
INFO:ex:2697 10175 483939 3269880 100047233 998584736
INFO:ex:2697 10175 483939 3269880 100047233 998584736
INFO:ex:2697 10175 483939 3269880 100047233 998584736
INFO:ex:2697 10175 483939 3269880 100047233 998584736
INFO:ex:2697 10175 483939 3269880 100047233 998584736
INFO:ex:2697 10175 483939 3269880 100047233 998584736
INFO:ex:2697 10175 483939 3269880 100047233 998584736
INFO:ex:2697 10175 483939 3269880 100047233 998584736
INFO:ex:2697 10175 483939 3269880 100047233 998584736
INFO:ex:2697 10175 483939 3269880 100047233 998584736
INFO:ex:2697 10175 483939 3269880 100047233 998584736
INFO:ex:2697 10175 483939 3269880 100047233 998584736
INFO:ex:2697 10175 483939 3269880 100047233 998584736
INFO:ex:2697 10175 483939 3269880 100047233 998584736
INFO:ex:2697 10175 483939 3269880 100047233 998584736
INFO:ex:2697 10175 483939 3269880 100047233 998584736
INFO:ex:2697 10175 483939 3269880 100047233 998584736
INFO:ex:2697 10175 483939 3269880 100047233 998584736
INFO:ex:2697 10175 483939 3269880 100047233 998584736
INFO:ex:2697 10175 483939 3269880 100047233 998584736
INFO:ex:2697 10175 483939 3269880 100047233 998584736
INFO:ex:2697 10175 483939 3269880 100047233 998584736
INFO:ex:2697 10175 483939 3269880 100047233 998584736
INFO:ex:2697 10175 483939 3269880 100047233 998584736
INFO:ex:2697 10175 483939 3269880 100047233 998584736
INFO:ex:2697 10175 483939 3269880 100047233 998584736
INFO:ex:2697 10175 483939 3269880 100047233 998584736
INFO:ex:2697 10175 483939 3269880 100047233 998584736
INFO:ex:2697 10175 483939 3269880 100047233 998584736
INFO:ex:2697 10175 483939 3269880 100047233 998584736
INFO:ex:2697 10175 483939 3269880 100047233 998584736
INFO:ex:2697 10175 483939 3269880 100047233 998584736
INFO:ex:2697 10175 483939 3269880 100047233 998584736
INFO:ex:2697 10175 483939 3269880 100047233 998584736
INFO:ex:2697 10175 483939 3269880 100047233 998584736
INFO:ex:2697 10175 483939 3269880 100047233 998584736
INFO:ex:2697 10175 483939 3269880 100047233 998584736
INFO:ex:2697 10175 483939 3269880 100047233 998584736
INFO:ex:2697 10175 483939 3269880 100047233 998584736
INFO:ex:2697 10175 483939 3269880 100047233 998584736
INFO:ex:2697 10175 483939 3269880 100047233 998584736
INFO:ex:2697 10175 483939 3269880 100047233 998584736
INFO:ex:2697 10175 483939 3269880 100047233 998584736
INFO:ex:2697 10175 483939 3269880 100047233 998584736
INFO:ex:2697 10175 483939 3269880 100047233 998584736
INFO:ex:2697 10175 483939 3269880 100047233 998584736
INFO:ex:2697 10175 483939 3269880 100047233 998584736
INFO:ex:2697 10175 483939 3269880 100047233 998584736
INFO:ex:2697 10175 483939 3269880 100047233 998584736
INFO:ex:2697 10175 483939 3269880 100047233 998584736
INFO:ex:2697 10175 483939 3269880 100047233 998584736
INFO:ex:2697 10175 483939 3269880 100047233 998584736
INFO:ex:2697 10175 483939 3269880 100047233 998584736
INFO:ex:2697 10175 483939 3269880 100047233 998584736
INFO:ex:2697 10175 483939 3269880 100047233 998584736
INFO:ex:2697 10175 483939 3269880 100047233 998584736
INFO:ex:2697 10175 483939 3269880 100047233 998584736
INFO:ex:2697 10175 483939 3269880 100047233 998584736
INFO:ex:2697 10175 483939 3269880 100047233 998584736
INFO:ex:2697 10175 483939 3269880 100047233 998584736
INFO:ex:2697 10175 483939 3269880 100047233 998584736
INFO:ex:2697 10175 483939 3269880 100047233 998584736
INFO:ex:2697 10175 483939 3269880 100047233 998584736
INFO:ex:2697 10175 483939 3269880 100047233 998584736
INFO:ex:2697 10175 483939 3269880 100047233 998584736
INFO:ex:2697 10175 483939 3269880 100047233 998584736
INFO:ex:2697 10175 483939 3269880 100047233 998584736
INFO:ex:2697 10175 483939 3269880 100047233 998584736
INFO:ex:2697 10175 483939 3269880 100047233 998584736
INFO:ex:2697 10175 483939 3269880 100047233 998584736
INFO:ex:2697 10175 483939 3269880 100047233 998584736
INFO:ex:2697 10175 483939 3269880 100047233 998584736
INFO:ex:2697 10175 483939 3269880 100047233 998584736
INFO:ex:2697 10175 483939 3269880 100047233 998584736
INFO:ex:2697 10175 483939 3269880 100047233 998584736
INFO:ex:2697 10175 483939 3269880 100047233 998584736
INFO:ex:2697 10175 483939 3269880 100047233 998584736
INFO:ex:2697 10175 483939 3269880 100047233 998584736
INFO:ex:2697 10175 483939 3269880 100047233 998584736
INFO:ex:2697 10175 483939 3269880 100047233 998584736
INFO:ex:2697 10175 483939 3269880 100047233 998584736
INFO:ex:2697 10175 483939 3269880 100047233 998584736
INFO:ex:2697 10175 483939 3269880 100047233 998584736
INFO:ex:2697 10175 483939 3269880 100047233 998584736
INFO:ex:2697 10175 483939 3269880 100047233 998584736
INFO:ex:2697 10175 483939 3269880 100047233 998584736
INFO:ex:2697 10175 483939 3269880 100047233 998584736
INFO:ex:2697 10175 483939 3269880 100047233 998584736
INFO:ex:5629 192227 9479771 99963231 998584736
INFO:ex:136380 10334585 29979033
INFO:ex:105180 3222131 29041022
INFO:ex:114654 5819351 28477105
INFO:ex:129262 5641157 28477105
INFO:ex:108816 5529428 28789163
INFO:ex:105126 5314689 29742899
INFO:ex:121485 2460628 29926633
INFO:ex:108524 2548142 29926633
INFO:ex:108524 2548142 29926633
INFO:ex:108524 2548142 29926633
INFO:ex:108524 2548142 29926633
INFO:ex:108524 2548142 29926633
INFO:ex:108524 2548142 29926633
INFO:ex:108524 2548142 29926633
INFO:ex:108524 2548142 29926633
INFO:ex:108524 2548142 29926633
INFO:ex:108524 2548142 29926633
INFO:ex:108524 2548142 29926633
INFO:ex:108524 2548142 29926633
INFO:ex:283320 4522349
INFO:ex:269135 4522349
INFO:ex:269135 4522349
INFO:ex:269135 4522349
INFO:ex:275836 2440900
INFO:ex:260750 4497802
INFO:ex:279400 4190985
INFO:ex:273921 1649317
INFO:ex:257398 2041055
INFO:ex:249361 1774876
INFO:ex:264180 3914411
INFO:ex:264180 3914411
INFO:ex:282100 3626174
INFO:ex:315404 4089650
INFO:ex:279400 4190985
INFO:ex:273921 1649317
INFO:ex:268092 4502666
INFO:ex:268092 4502666
INFO:ex:268092 4502666
INFO:ex:268092 4502666
INFO:ex:268092 4502666
INFO:ex:268092 4502666
INFO:ex:268092 4502666
INFO:ex:268092 4502666
INFO:ex:268092 4502666
INFO:ex:268092 4502666
INFO:ex:268092 4502666
INFO:ex:268092 4502666
INFO:ex:268092 4502666
INFO:ex:268092 4502666
INFO:ex:268092 4502666
INFO:ex:268092 4502666
INFO:ex:268092 4502666
INFO:ex:268092 4502666
INFO:ex:268092 4502666
INFO:ex:268092 4502666
INFO:ex:268092 4502666
INFO:ex:268092 4502666
INFO:ex:268092 4502666
INFO:ex:268092 4502666
INFO:ex:268092 4502666
INFO:ex:268092 4502666
INFO:ex:268092 4502666
INFO:ex:268092 4502666
INFO:ex:268092 4502666
INFO:ex:268092 4502666
INFO:ex:268092 4502666
INFO:ex:268092 4502666
INFO:ex:268092 4502666
INFO:ex:268092 4502666
INFO:ex:268092 4502666
INFO:ex:268092 4502666
INFO:ex:268092 4502666
INFO:ex:268092 4502666
INFO:ex:268092 4502666
INFO:ex:268092 4502666
INFO:ex:268092 4502666
INFO:ex:268092 4502666
INFO:ex:268092 4502666
INFO:ex:268092 4502666
INFO:ex:268092 4502666
INFO:ex:268092 4502666
INFO:ex:268092 4502666
INFO:ex:268092 4502666
INFO:ex:268092 4502666
INFO:ex:268092 4502666
INFO:ex:268092 4502666
INFO:ex:268092 4502666
INFO:ex:268092 4502666
INFO:ex:268092 4502666
INFO:ex:268092 4502666
INFO:ex:268092 4502666
INFO:ex:268092 4502666
INFO:ex:268092 4502666
INFO:ex:268092 4502666
INFO:ex:268092 4502666
INFO:ex:268092 4502666
INFO:ex:268092 4502666
INFO:ex:268092 4502666
INFO:ex:268092 4502666
INFO:ex:268092 4502666
INFO:ex:268092 4502666
INFO:ex:268092 4502666
INFO:ex:268092 4502666
INFO:ex:268092 4502666
INFO:ex:268092 4502666
INFO:ex:268092 4502666
INFO:ex:268092 4502666
INFO:ex:268092 4502666
INFO:ex:268092 4502666
INFO:ex:268092 4502666
INFO:ex:268092 4502666
INFO:ex:268092 4502666
INFO:ex:268092 4502666
INFO:ex:268092 4502666
INFO:ex:268092 4502666
INFO:ex:268092 4502666
INFO:ex:268092 4502666
INFO:ex:268092 4502666
INFO:ex:268092 4502666
INFO:ex:268092 4502666
INFO:ex:268092 4502666
INFO:ex:268092 4502666
INFO:ex:268092 4502666
INFO:ex:268092 4502666
INFO:ex:268092 4502666
INFO:ex:268092 4502666
INFO:ex:268092 4502666
INFO:ex:268092 4502666
INFO:ex:268092 4502666
INFO:ex:268092 4502666
INFO:ex:268092 4502666
INFO:ex:268092 4502666
INFO:ex:268092 4502666
INFO:ex:268092 4502666
INFO:ex:268092 4502666
INFO:ex:268092 4502666
INFO:ex:268092 4502666
INFO:ex:268092 4502666
INFO:ex:268092 4502666
INFO:ex:268092 4502666
INFO:ex:268092 4502666
INFO:ex:268092 4502666
INFO:ex:268092 4502666
INFO:ex:268092 4502666
INFO:ex:268092 4502666
INFO:ex:268092 4502666
INFO:ex:268092 4502666
INFO:ex:268092 4502666
INFO:ex:268092 4502666
INFO:ex:268092 4502666
INFO:ex:268092 4502666
INFO:ex:268092 4502666
INFO:ex:268092 4502666
INFO:ex:268092 4502666
INFO:ex:268092 4502666
INFO:ex:268092 4502666
INFO:ex:268092 4502666
INFO:ex:268092 4502666
INFO:ex:268092 4502666
INFO:ex:268092 4502666
INFO:ex:268092 4502666
INFO:ex:268092 4502666
INFO:ex:268092 4502666
INFO:ex:268092 4502666
INFO:ex:268092 4502666
INFO:ex:268092 4502666
INFO:ex:268092 4502666
INFO:ex:268092 4502666
INFO:ex:268092 4502666
INFO:ex:268092 4502666
INFO:ex:268092 4502666
INFO:ex:268092 4502666
INFO:ex:268092 4502666
INFO:ex:268092 4502666
INFO:ex:268092 4502666
INFO:ex:268092 4502666
INFO:ex:268092 4502666
INFO:ex:268092 4502666
INFO:ex:268092 4502666
INFO:ex:268092 4502666
INFO:ex:268092 4502666
INFO:ex:268092 4502666
INFO:ex:268092 4502666
INFO:ex:268092 4502666
INFO:ex:268092 4502666
INFO:ex:268092 4502666
INFO:ex:268092 4502666
INFO:ex:268092 4502666
INFO:ex:268092 4502666
INFO:ex:268092 4502666
INFO:ex:268092 4502666
INFO:ex:268092 4502666
INFO:ex:268092 4502666
INFO:ex:268092 4502666
INFO:ex:268092 4502666
INFO:ex:268092 4502666
INFO:ex:268092 4502666
INFO:ex:268092 4502666
INFO:ex:268092 4502666
INFO:ex:268092 4502666
INFO:ex:268092 4502666
INFO:ex:268092 4502666
INFO:ex:268092 4502666
INFO:ex:268092 4502666
INFO:ex:268092 4502666
INFO:ex:268092 4502666
INFO:ex:268092 4502666
INFO:ex:268092 4502666
INFO:ex:268092 4502666
INFO:ex:268092 4502666
INFO:ex:268092 4502666
INFO:ex:268092 4502666
INFO:ex:268092 4502666
INFO:ex:268092 4502666
INFO:ex:268092 4502666
INFO:ex:268092 4502666
INFO:ex:268092 4502666
INFO:ex:268092 4502666
INFO:ex:268092 4502666
INFO:ex:268092 4502666
INFO:ex:268092 4502666
INFO:ex:268092 4502666
INFO:ex:268092 4502666
INFO:ex:268092 4502666
INFO:ex:268092 4502666
INFO:ex:268092 4502666
INFO:ex:268092 4502666
INFO:ex:268092 4502666
INFO:ex:268092 4502666
INFO:ex:268092 4502666
INFO:ex:268092 4502666
INFO:ex:268092 4502666
INFO:ex:268092 4502666
INFO:ex:268092 4502666
INFO:ex:268092 4502666
INFO:ex:268092 4502666
INFO:ex:268092 4502666
INFO:ex:268092 4502666
INFO:ex:268092 4502666
INFO:ex:268092 4502666
INFO:ex:268092 4502666
INFO:ex:268092 4502666
INFO:ex:268092 4502666
INFO:ex:268092 4502666
INFO:ex:268092 4502666
INFO:ex:268092 4502666
INFO:ex:268092 4502666
INFO:ex:268092 4502666
INFO:ex:268092 4502666
INFO:ex:268092 4502666
INFO:ex:268092 4502666
INFO:ex:268092 4502666
INFO:ex:268092 4502666
INFO:ex:268092 4502666
INFO:ex:268092 4502666
INFO:ex:268092 4502666
INFO:ex:268092 4502666
INFO:ex:268092 4502666
INFO:ex:268092 4502666
INFO:ex:268092 4502666
INFO:ex:268092 4502666
INFO:ex:268092 4502666
INFO:ex:268092 4502666
INFO:ex:268092 4502666
INFO:ex:268092 4502666
INFO:ex:268092 4502666
INFO:ex:268092 4502666
INFO:ex:268092 4502666
INFO:ex:268092 4502666
INFO:ex:268092 4502666
INFO:ex:268092 4502666
INFO:ex:268092 4502666
INFO:ex:268092 4502666
INFO:ex:268092 4502666
INFO:ex:268092 4502666
INFO:ex:268092 4502666
INFO:ex:268092 4502666
INFO:ex:268092 4502666
INFO:ex:268092 4502666
INFO:ex:268092 4502666
INFO:ex:268092 4502666
INFO:ex:268092 4502666
INFO:ex:268092 4502666
INFO:ex:268092 4502666
INFO:ex:268092 4502666
INFO:ex:268092 4502666
INFO:ex:268092 4502666
INFO:ex:268092 4502666
INFO:ex:268092 4502666
INFO:ex:268092 4502666
INFO:ex:268092 4502666
INFO:ex:268092 4502666
INFO:ex:268092 4502666
INFO:ex:268092 4502666
INFO:ex:268092 4502666
INFO:ex:268092 4502666
INFO:ex:268092 4502666
INFO:ex:268092 4502666
INFO:ex:268092 4502666
INFO:ex:268092 4502666
INFO:ex:268092 4502666
INFO:ex:268092 4502666
INFO:ex:268092 4502666
INFO:ex:268092 4502666
INFO:ex:268092 4502666
INFO:ex:268092 4502666
INFO:ex:268092 4502666
INFO:ex:268092 4502666
INFO:ex:268092 4502666
INFO:ex:268092 4502666
INFO:ex:268092 4502666
INFO:ex:268092 4502666
INFO:ex:268092 4502666
INFO:ex:268092 4502666
INFO:ex:268092 4502666
INFO:ex:268092 4502666
INFO:ex:268092 4502666
INFO:ex:268092 4502666
INFO:ex:268092 4502666
INFO:ex:268092 4502666
INFO:ex:268092 4502666
INFO:ex:268092 4502666
INFO:ex:268092 4502666
INFO:ex:268092 4502666
INFO:ex:268092 4502666
INFO:ex:268092 4502666
INFO:ex:268092 4502666
INFO:ex:268092 4502666
INFO:ex:268092 4502666
INFO:ex:268092 4502666
INFO:ex:268092 4502666
INFO:ex:268092 4502666
INFO:ex:268092 4502666
INFO:ex:268092 4502666
INFO:ex:268092 4502666
INFO:ex:268092 4502666
INFO:ex:268092 4502666
INFO:ex:268092 4502666
INFO:ex:268092 4502666
INFO:ex:268092 4502666
INFO:ex:268092 4502666
INFO:ex:268092 4502666
INFO:ex:268092 4502666
INFO:ex:268092 4502666
INFO:ex:268092 4502666
INFO:ex:268092 4502666
INFO:ex:268092 4502666
INFO:ex:268092 4502666
INFO:ex:268092 4502666
INFO:ex:268092 4502666
INFO:ex:268092 4502666
INFO:ex:268092 4502666
INFO:ex:268092 4502666
INFO:ex:268092 4502666
INFO:ex:268092 4502666
INFO:ex:268092 4502666
INFO:ex:268092 4502666
INFO:ex:268092 4502666
INFO:ex:268092 4502666
INFO:ex:268092 4502666
INFO:ex:268092 4502666
INFO:ex:268092 4502666
INFO:ex:268092 4502666
INFO:ex:268092 4502666
INFO:ex:268092 4502666
INFO:ex:268092 4502666
INFO:ex:268092 4502666
INFO:ex:268092 4502666
INFO:ex:268092 4502666
INFO:ex:268092 4502666
INFO:ex:268092 4502666
INFO:ex:268092 4502666
INFO:ex:268092 4502666
INFO:ex:268092 4502666
INFO:ex:268092 4502666
INFO:ex:268092 4502666
INFO:ex:268092 4502666
INFO:ex:268092 4502666
INFO:ex:268092 4502666
INFO:ex:268092 4502666
INFO:ex:268092 4502666
INFO:ex:268092 4502666
INFO:ex:268092 4502666
INFO:ex:268092 4502666
INFO:ex:268092 4502666
INFO:ex:268092 4502666
INFO:ex:268092 4502666
INFO:ex:268092 4502666
INFO:ex:268092 4502666
INFO:ex:268092 4502666
INFO:ex:268092 4502666
INFO:ex:268092 4502666
INFO:ex:268092 4502666
INFO:ex:268092 4502666
INFO:ex:268092 4502666
INFO:ex:268092 4502666
INFO:ex:268092 4502666
INFO:ex:268092 4502666
INFO:ex:268092 4502666
INFO:ex:268092 4502666
INFO:ex:268092 4502666
INFO:ex:268092 4502666
INFO:ex:268092 4502666
INFO:ex:268092 4502666
INFO:ex:268092 4502666
INFO:ex:268092 4502666
INFO:ex:268092 4502666
INFO:ex:268092 4502666
INFO:ex:268092 4502666
INFO:ex:268092 4502666
INFO:ex:268092 4502666
INFO:ex:268092 4502666
INFO:ex:268092 4502666
INFO:ex:268092 4502666
INFO:ex:268092 4502666
INFO:ex:268092 4502666
INFO:ex:268092 4502666
INFO:ex:268092 4502666
INFO:ex:268092 4502666
INFO:ex:268092 4502666
INFO:ex:268092 4502666
INFO:ex:268092 4502666
INFO:ex:268092 4502666
INFO:ex:268092 4502666
INFO:ex:268092 4502666
INFO:ex:268092 4502666
INFO:ex:268092 4502666
INFO:ex:268092 4502666
INFO:ex:268092 4502666
INFO:ex:268092 4502666
INFO:ex:268092 4502666
INFO:ex:268092 4502666
INFO:ex:268092 4502666
INFO:ex:268092 4502666
INFO:ex:268092 4502666
INFO:ex:268092 4502666
INFO:ex:268092 4502666
INFO:ex:268092 4502666
INFO:ex:268092 4502666
INFO:ex:268092 4502666
INFO:ex:268092 4502666
INFO:ex:268092 4502666
INFO:ex:268092 4502666
INFO:ex:268092 4502666
INFO:ex:268092 4502666
INFO:ex:268092 4502666
INFO:ex:268092 4502666
INFO:ex:268092 4502666
INFO:ex:268092 4502666
INFO:ex:268092 4502666
INFO:ex:268092 4502666
INFO:ex:268092 4502666
INFO:ex:268092 4502666
INFO:ex:268092 4502666
INFO:ex:268092 4502666
INFO:ex:268092 4502666
INFO:ex:268092 4502666
INFO:ex:268092 4502666
INFO:ex:268092 4502666
INFO:ex:268092 4502666
INFO:ex:268092 4502666
INFO:ex:268092 4502666
INFO:ex:268092 4502666
INFO:ex:268092 4502666
INFO:ex:268092 4502666
INFO:ex:268092 4502666
INFO:ex:268092 4502666
INFO:ex:268092 4502666
INFO:ex:268092 4502666
INFO:ex:268092 4502666
INFO:ex:268092 4502666
INFO:ex:268092 4502666
INFO:ex:268092 4502666
INFO:ex:268092 4502666
INFO:ex:268092 4502666
INFO:ex:268092 4502666
INFO:ex:268092 4502666
INFO:ex:268092 4502666
INFO:ex:268092 4502666
INFO:ex:268092 4502666
INFO:ex:268092 4502666
INFO:ex:268092 4502666
INFO:ex:268092 4502666
INFO:ex:268092 4502666
INFO:ex:268092 4502666
INFO:ex:268092 4502666
INFO:ex:268092 4502666
INFO:ex:268092 4502666
INFO:ex:268092 4502666
INFO:ex:268092 4502666
INFO:ex:268092 4502666
INFO:ex:268092 4502666
INFO:ex:268092 4502666
INFO:ex:268092 4502666
INFO:ex:268092 4502666
INFO:ex:268092 4502666
INFO:ex:268092 4502666
INFO:ex:268092 4502666
INFO:ex:268092 4502666
INFO:ex:268092 4502666
INFO:ex:268092 4502666
INFO:ex:268092 4502666
INFO:ex:268092 4502666
INFO:ex:268092 4502666
INFO:ex:268092 4502666
INFO:ex:268092 4502666
INFO:ex:268092 4502666
INFO:ex:268092 4502666
INFO:ex:268092 4502666
INFO:ex:268092 4502666
INFO:ex:268092 4502666
INFO:ex:268092 4502666
INFO:ex:268092 4502666
INFO:ex:268092 4502666
INFO:ex:268092 4502666
INFO:ex:268092 4502666
INFO:ex:268092 4502666
INFO:ex:268092 4502666
INFO:ex:268092 4502666
INFO:ex:268092 4502666
INFO:ex:268092 4502666
INFO:ex:268092 4502666
INFO:ex:268092 4502666
INFO:ex:268092 4502666
INFO:ex:268092 4502666
INFO:ex:268092 4502666
INFO:ex:268092 4502666
INFO:ex:268092 4502666
INFO:ex:103968 285552 4502666
INFO:ex:108360 319679 5084504 454269518
INFO:ex:110313 283339 3831061 66967158 870080710
INFO:ex:114276 321362 3860093 66967158 870080710
INFO:ex:146316 321292 3878514 66967158 870080710
INFO:ex:149942 308716 3969383 69121106 870080710
INFO:ex:1144 350414 4652612 69121106 870080710
INFO:ex:2388 364876 4519166 100030035 870080710
INFO:ex:3582 365098 4821787 100030035 870080710
INFO:ex:3681 372450 3830014 100502331 998584736
INFO:ex:3945 397786 3830014 99920155 998584736
INFO:ex:5260 397842 3830014 99920155 998584736
INFO:ex:5629 402298 3089359 99920155 998584736
INFO:ex:5629 432811 3122764 99920155 998584736
INFO:ex:5629 432811 3122764 99920155 998584736
INFO:ex:281925 4597592
INFO:ex:281925 4597592
INFO:ex:281925 4597592
INFO:ex:281925 4597592
INFO:ex:281925 4597592
INFO:ex:281925 4597592
INFO:ex:281925 4597592
INFO:ex:281925 4597592
INFO:ex:281925 4597592
INFO:ex:281925 4597592
INFO:ex:281925 4597592
INFO:ex:245280 2720009 28075269
INFO:ex:122087 5270641 29979033
INFO:ex:165268 12436574 29979033
INFO:ex:104170 3226145 29041022
INFO:ex:110796 5571005 28477105
INFO:ex:137476 10324208 28789163
INFO:ex:105126 5289050 29742899
INFO:ex:123120 2355209 29742899
INFO:ex:106320 2710579 29926633
INFO:ex:104328 2698639 29140185
INFO:ex:112086 2676640 29302534
INFO:ex:123630 2899332 29555015
INFO:ex:123648 2733484 28882105
INFO:ex:110814 3110221 28461384
INFO:ex:110556 11075203 29909539
INFO:ex:111088 4181984 29909539
INFO:ex:109104 5489536 28961646
INFO:ex:96380 5882774 29705400
INFO:ex:122058 6167689 29705400
INFO:ex:104215 6269365 29916332
INFO:ex:110215 6667789 29916332
INFO:ex:113706 5727509 29625300
INFO:ex:106337 2944424 29625300
INFO:ex:119449 3334909 29810325
INFO:ex:107346 5411831 29810325
INFO:ex:110583 11150399 26658041
INFO:ex:103896 2641374 25808697
INFO:ex:103697 2888135 28396009
INFO:ex:113971 2690724 28248182
INFO:ex:112762 2633172 28512553
INFO:ex:110352 5570963 29869824
INFO:ex:104625 10473813 29869824
INFO:ex:110172 11070125 29695870
INFO:ex:114129 11516144 29695870
INFO:ex:282100 3626174
INFO:ex:315404 4089650
INFO:ex:299354 4190985
INFO:ex:299354 4190985
INFO:ex:299354 4190985
INFO:ex:299354 4190985
INFO:ex:299354 4190985
INFO:ex:299354 4190985
INFO:ex:98300 301971 4190985
INFO:ex:107224 318214 4190985 870080710
INFO:ex:109286 318162 4281812 68749321 870080710
INFO:ex:145371 318162 4284649 68749321 870080710
INFO:ex:131040 331607 4153020 101980841 870080710
INFO:ex:2258 345442 4154202 101980841 870080710
INFO:ex:2258 345664 4154202 101980841 870080710
INFO:ex:2474 372665 4166666 100255425 870080710
INFO:ex:3945 400120 4123579 100255425 870080710
INFO:ex:4398 440962 4170262 100502331 998584736
INFO:ex:5667 441283 4115011 99920155 998584736
INFO:ex:5723 483713 3122764 99920155 998584736
INFO:ex:2697 10175 479167 3269880 100047233 998584736
INFO:ex:2666 10175 483939 3224816 100047233 998584736
INFO:ex:3007 10050 478033 4577428 100962754 998584736
INFO:ex:3007 10397 505475 5583445 147190629 998584736
INFO:ex:3224 11429 594205 5648693 101436488 998584736
INFO:ex:3224 11448 594205 5435233 101436488 998584736
INFO:ex:3224 11279 603597 5975265 101436488 998584736
INFO:ex:3255 11279 603597 6131916 101436488 998584736
INFO:ex:3255 11089 603597 5926780 95327826 998584736
INFO:ex:2016 11050 592849 4475975 81828985 935268992
INFO:ex:1888 10965 597201 4468557 98972467 935268992
INFO:ex:1760 11041 599922 4468557 98972467 935268992
INFO:ex:1888 11154 593694 4509791 98972467 935268992
INFO:ex:3285 15245 594737 4509791 98972467 935268992
INFO:ex:3250 15424 587455 3222859 98972467 935268992
INFO:ex:3250 15424 587455 3208954 98548091 876143676
INFO:ex:1620 15099 715228 14744757 814754973
INFO:ex:1750 15411 591450 3112840 100167097 814754973
INFO:ex:2000 15590 505662 3077797 897204653
INFO:ex:3200 15590 500865 3112840 98574055 897204653
INFO:ex:3200 15901 498581 4235368 99562507 897204653
INFO:ex:3200 16153 498726 4235368 100697463 897204653
INFO:ex:3200 16161 498581 4208889 100697463 897204653
INFO:ex:3200 16060 609095 16127428 897204653
INFO:ex:3200 16194 500305 4228904 100697463 897204653
INFO:ex:3150 14512 514066 4532876 897204653
INFO:ex:3145 12615 512493 4235280 98368555 897204653
INFO:ex:3145 12272 514066 4619472 918268523
INFO:ex:3145 12397 517204 4645691 918268523
INFO:ex:3145 12191 517204 4224125 100354939 918268523
INFO:ex:3145 13059 614202 16586279 918268523
INFO:ex:3145 11925 518193 4218232 100354939 918268523
INFO:ex:2368 11839 517523 3332259 104112371 918268523
INFO:ex:2331 11925 510407 3299065 102031733 918268523
INFO:ex:2109 11839 510407 3003889 102031733 918268523
INFO:ex:2035 12515 578251 3017566 102031733 918268523
INFO:ex:2109 12821 578297 2987352 102031733 918268523
INFO:ex:2100 13124 606930 3191431 102031733 918268523
INFO:ex:2058 14050 526250 3191431 103313360 982645688
INFO:ex:1974 13059 583799 5399134 102050506 982645688
INFO:ex:1974 12978 582422 5399134 103466186 982645688
INFO:ex:2058 14126 530648 5357505 103319864 982645688
INFO:ex:1978 14445 528557 5399134 103319864 982645688
INFO:ex:3268 14445 528557 5399134 103319864 982645688
INFO:ex:3354 14457 528557 5373731 91970846 982645688
INFO:ex:1978 14457 528557 5373731 91970846 982645688
INFO:ex:3354 14457 532121 5202484 97069688 995047783
INFO:ex:3354 14516 528557 5202484 97069688 995047783
INFO:ex:3354 14334 532121 5202484 97069688 995047783
INFO:ex:1935 13388 478217 5510316 151616024 995047783
INFO:ex:1920 16137 542968 3606215 149948434 995047783
INFO:ex:1920 16137 542968 3606215 149948434 995047783
INFO:ex:1920 16137 542968 3606215 149948434 995047783
INFO:ex:5477 76897 2414490 99274077 995047783
INFO:ex:271338 3250655
INFO:ex:269135 4522349
INFO:ex:269135 4522349
INFO:ex:269135 4522349
INFO:ex:269135 4522349
INFO:ex:269135 4522349
INFO:ex:269135 4522349
INFO:ex:269135 4522349
INFO:ex:269135 4522349
INFO:ex:269135 4522349
INFO:ex:269135 4522349
INFO:ex:269135 4522349
INFO:ex:269135 4522349
INFO:ex:269135 4522349
INFO:ex:269135 4522349
INFO:ex:269135 4522349
INFO:ex:269135 4522349
INFO:ex:269135 4522349
INFO:ex:269135 4522349
INFO:ex:269135 4522349
INFO:ex:269135 4522349
INFO:ex:269135 4522349
INFO:ex:269135 4522349
INFO:ex:269135 4522349
INFO:ex:269135 4522349
INFO:ex:269135 4522349
INFO:ex:269135 4522349
INFO:ex:269135 4522349
INFO:ex:269135 4522349
INFO:ex:269135 4522349
INFO:ex:269135 4522349
INFO:ex:269135 4522349
INFO:ex:269135 4522349
INFO:ex:269135 4522349
INFO:ex:269135 4522349
INFO:ex:269135 4522349
INFO:ex:269135 4522349
INFO:ex:269135 4522349
INFO:ex:269135 4522349
INFO:ex:269135 4522349
INFO:ex:269135 4522349
INFO:ex:269135 4522349
INFO:ex:269135 4522349
INFO:ex:269135 4522349
INFO:ex:269135 4522349
INFO:ex:269135 4522349
INFO:ex:269135 4522349
INFO:ex:269135 4522349
INFO:ex:269135 4522349
INFO:ex:269135 4522349
INFO:ex:269135 4522349
INFO:ex:269135 4522349
INFO:ex:269135 4522349
INFO:ex:269135 4522349
INFO:ex:269135 4522349
INFO:ex:269135 4522349
INFO:ex:269135 4522349
INFO:ex:269135 4522349
INFO:ex:269135 4522349
INFO:ex:269135 4522349
INFO:ex:269135 4522349
INFO:ex:269135 4522349
INFO:ex:269135 4522349
INFO:ex:269135 4522349
INFO:ex:269135 4522349
INFO:ex:269135 4522349
INFO:ex:269135 4522349
INFO:ex:269135 4522349
INFO:ex:269135 4522349
INFO:ex:269135 4522349
INFO:ex:269135 4522349
INFO:ex:269135 4522349
INFO:ex:269135 4522349
INFO:ex:269135 4522349
INFO:ex:269135 4522349
INFO:ex:269135 4522349
INFO:ex:269135 4522349
INFO:ex:269135 4522349
INFO:ex:269135 4522349
INFO:ex:269135 4522349
INFO:ex:269135 4522349
INFO:ex:269135 4522349
INFO:ex:269135 4522349
INFO:ex:269135 4522349
INFO:ex:269135 4522349
INFO:ex:269135 4522349
INFO:ex:269135 4522349
INFO:ex:269135 4522349
INFO:ex:269135 4522349
INFO:ex:269135 4522349
INFO:ex:269135 4522349
INFO:ex:269135 4522349
INFO:ex:269135 4522349
INFO:ex:269135 4522349
INFO:ex:269135 4522349
INFO:ex:269135 4522349
INFO:ex:269135 4522349
INFO:ex:269135 4522349
INFO:ex:269135 4522349
INFO:ex:269135 4522349
INFO:ex:269135 4522349
INFO:ex:269135 4522349
INFO:ex:269135 4522349
INFO:ex:269135 4522349
INFO:ex:269135 4522349
INFO:ex:269135 4522349
INFO:ex:269135 4522349
INFO:ex:269135 4522349
INFO:ex:269135 4522349
INFO:ex:269135 4522349
INFO:ex:269135 4522349
INFO:ex:269135 4522349
